[START] 2023-10-28 16:54:00 - Start Training.
[SPLIT] 2023-10-28 16:54:00 - ============================================================
[CALCU] 2023-10-28 16:54:00 - nu: 0.00001000 , gamma: 0.0000
[CALCU] 2023-10-28 16:54:00 - precision: 0%
[CALCU] 2023-10-28 16:54:00 - recall: 0%
[CALCU] 2023-10-28 16:54:00 - f1 score: 0
[SPLIT] 2023-10-28 16:54:00 - ============================================================
[CALCU] 2023-10-28 16:54:00 - nu: 0.02223111 , gamma: 0.0000
[CALCU] 2023-10-28 16:54:00 - precision: 0%
[CALCU] 2023-10-28 16:54:00 - recall: 0%
[CALCU] 2023-10-28 16:54:00 - f1 score: 0
[SPLIT] 2023-10-28 16:54:00 - ============================================================
[CALCU] 2023-10-28 16:54:00 - nu: 0.04445222 , gamma: 0.0000
[CALCU] 2023-10-28 16:54:00 - precision: 0%
[CALCU] 2023-10-28 16:54:00 - recall: 0%
[CALCU] 2023-10-28 16:54:00 - f1 score: 0
[SPLIT] 2023-10-28 16:54:00 - ============================================================
[CALCU] 2023-10-28 16:54:00 - nu: 0.06667333 , gamma: 0.0000
[CALCU] 2023-10-28 16:54:00 - precision: 0%
[CALCU] 2023-10-28 16:54:00 - recall: 0%
[CALCU] 2023-10-28 16:54:00 - f1 score: 0
[SPLIT] 2023-10-28 16:54:00 - ============================================================
[CALCU] 2023-10-28 16:54:00 - nu: 0.08889444 , gamma: 0.0000
[CALCU] 2023-10-28 16:54:00 - precision: 0%
[CALCU] 2023-10-28 16:54:00 - recall: 0%
[CALCU] 2023-10-28 16:54:00 - f1 score: 0
[SPLIT] 2023-10-28 16:54:00 - ============================================================
[CALCU] 2023-10-28 16:54:00 - nu: 0.11111556 , gamma: 0.0000
[CALCU] 2023-10-28 16:54:00 - precision: 0%
[CALCU] 2023-10-28 16:54:00 - recall: 0%
[CALCU] 2023-10-28 16:54:00 - f1 score: 0
[SPLIT] 2023-10-28 16:54:00 - ============================================================
[CALCU] 2023-10-28 16:54:00 - nu: 0.00001000 , gamma: 0.0000
[CALCU] 2023-10-28 16:54:00 - precision: 0%
[CALCU] 2023-10-28 16:54:00 - recall: 0%
[CALCU] 2023-10-28 16:54:00 - f1 score: 0
[SPLIT] 2023-10-28 16:54:00 - ============================================================
[CALCU] 2023-10-28 16:54:00 - nu: 0.02223111 , gamma: 0.0000
[CALCU] 2023-10-28 16:54:00 - precision: 0%
[CALCU] 2023-10-28 16:54:00 - recall: 0%
[CALCU] 2023-10-28 16:54:00 - f1 score: 0
[SPLIT] 2023-10-28 16:54:00 - ============================================================
[CALCU] 2023-10-28 16:54:00 - nu: 0.04445222 , gamma: 0.0000
[CALCU] 2023-10-28 16:54:00 - precision: 0%
[CALCU] 2023-10-28 16:54:00 - recall: 0%
[CALCU] 2023-10-28 16:54:00 - f1 score: 0
[SPLIT] 2023-10-28 16:54:00 - ============================================================
[CALCU] 2023-10-28 16:54:00 - nu: 0.06667333 , gamma: 0.0000
[CALCU] 2023-10-28 16:54:00 - precision: 0%
[CALCU] 2023-10-28 16:54:00 - recall: 0%
[CALCU] 2023-10-28 16:54:00 - f1 score: 0
[SPLIT] 2023-10-28 16:54:00 - ============================================================
[CALCU] 2023-10-28 16:54:00 - nu: 0.08889444 , gamma: 0.0000
[CALCU] 2023-10-28 16:54:00 - precision: 0%
[CALCU] 2023-10-28 16:54:00 - recall: 0%
[CALCU] 2023-10-28 16:54:00 - f1 score: 0
[SPLIT] 2023-10-28 16:54:00 - ============================================================
[CALCU] 2023-10-28 16:54:00 - nu: 0.11111556 , gamma: 0.0000
[CALCU] 2023-10-28 16:54:00 - precision: 0%
[CALCU] 2023-10-28 16:54:00 - recall: 0%
[CALCU] 2023-10-28 16:54:00 - f1 score: 0
[SPLIT] 2023-10-28 16:54:00 - ============================================================
[CALCU] 2023-10-28 16:54:00 - nu: 0.00001000 , gamma: 0.0000
[CALCU] 2023-10-28 16:54:00 - precision: 0%
[CALCU] 2023-10-28 16:54:00 - recall: 0%
[CALCU] 2023-10-28 16:54:00 - f1 score: 0
[SPLIT] 2023-10-28 16:54:00 - ============================================================
[CALCU] 2023-10-28 16:54:00 - nu: 0.02223111 , gamma: 0.0000
[CALCU] 2023-10-28 16:54:00 - precision: 0%
[CALCU] 2023-10-28 16:54:00 - recall: 0%
[CALCU] 2023-10-28 16:54:00 - f1 score: 0
[SPLIT] 2023-10-28 16:54:00 - ============================================================
[CALCU] 2023-10-28 16:54:00 - nu: 0.04445222 , gamma: 0.0000
[CALCU] 2023-10-28 16:54:00 - precision: 0%
[CALCU] 2023-10-28 16:54:00 - recall: 0%
[CALCU] 2023-10-28 16:54:00 - f1 score: 0
[SPLIT] 2023-10-28 16:54:00 - ============================================================
[CALCU] 2023-10-28 16:54:00 - nu: 0.06667333 , gamma: 0.0000
[CALCU] 2023-10-28 16:54:00 - precision: 0%
[CALCU] 2023-10-28 16:54:00 - recall: 0%
[CALCU] 2023-10-28 16:54:00 - f1 score: 0
[SPLIT] 2023-10-28 16:54:00 - ============================================================
[CALCU] 2023-10-28 16:54:00 - nu: 0.08889444 , gamma: 0.0000
[CALCU] 2023-10-28 16:54:00 - precision: 42.857142857142854%
[CALCU] 2023-10-28 16:54:00 - recall: 100.0%
[CALCU] 2023-10-28 16:54:00 - f1 score: 0.6
[SPLIT] 2023-10-28 16:54:00 - ============================================================
[CALCU] 2023-10-28 16:54:00 - nu: 0.11111556 , gamma: 0.0000
[CALCU] 2023-10-28 16:54:00 - precision: 0%
[CALCU] 2023-10-28 16:54:00 - recall: 0%
[CALCU] 2023-10-28 16:54:00 - f1 score: 0
[SPLIT] 2023-10-28 16:54:00 - ============================================================
[CALCU] 2023-10-28 16:54:00 - nu: 0.13333667 , gamma: 0.0000
[CALCU] 2023-10-28 16:54:00 - precision: 0%
[CALCU] 2023-10-28 16:54:00 - recall: 0%
[CALCU] 2023-10-28 16:54:00 - f1 score: 0
[SPLIT] 2023-10-28 16:54:00 - ============================================================
[CALCU] 2023-10-28 16:54:00 - nu: 0.00001000 , gamma: 0.0000
[CALCU] 2023-10-28 16:54:00 - precision: 0%
[CALCU] 2023-10-28 16:54:00 - recall: 0%
[CALCU] 2023-10-28 16:54:00 - f1 score: 0
[SPLIT] 2023-10-28 16:54:00 - ============================================================
[CALCU] 2023-10-28 16:54:00 - nu: 0.02223111 , gamma: 0.0000
[CALCU] 2023-10-28 16:54:00 - precision: 0%
[CALCU] 2023-10-28 16:54:00 - recall: 0%
[CALCU] 2023-10-28 16:54:00 - f1 score: 0
[SPLIT] 2023-10-28 16:54:00 - ============================================================
[CALCU] 2023-10-28 16:54:00 - nu: 0.04445222 , gamma: 0.0000
[CALCU] 2023-10-28 16:54:00 - precision: 0%
[CALCU] 2023-10-28 16:54:00 - recall: 0%
[CALCU] 2023-10-28 16:54:00 - f1 score: 0
[SPLIT] 2023-10-28 16:54:00 - ============================================================
[CALCU] 2023-10-28 16:54:00 - nu: 0.06667333 , gamma: 0.0000
[CALCU] 2023-10-28 16:54:00 - precision: 0%
[CALCU] 2023-10-28 16:54:00 - recall: 0%
[CALCU] 2023-10-28 16:54:00 - f1 score: 0
[SPLIT] 2023-10-28 16:54:00 - ============================================================
[CALCU] 2023-10-28 16:54:00 - nu: 0.08889444 , gamma: 0.0000
[CALCU] 2023-10-28 16:54:00 - precision: 0%
[CALCU] 2023-10-28 16:54:00 - recall: 0%
[CALCU] 2023-10-28 16:54:00 - f1 score: 0
[SPLIT] 2023-10-28 16:54:00 - ============================================================
[CALCU] 2023-10-28 16:54:00 - nu: 0.11111556 , gamma: 0.0000
[CALCU] 2023-10-28 16:54:00 - precision: 0%
[CALCU] 2023-10-28 16:54:00 - recall: 0%
[CALCU] 2023-10-28 16:54:00 - f1 score: 0
[SPLIT] 2023-10-28 16:54:00 - ============================================================
[CALCU] 2023-10-28 16:54:00 - nu: 0.00001000 , gamma: 0.0000
[CALCU] 2023-10-28 16:54:00 - precision: 0%
[CALCU] 2023-10-28 16:54:00 - recall: 0%
[CALCU] 2023-10-28 16:54:00 - f1 score: 0
[SPLIT] 2023-10-28 16:54:00 - ============================================================
[CALCU] 2023-10-28 16:54:00 - nu: 0.02223111 , gamma: 0.0000
[CALCU] 2023-10-28 16:54:00 - precision: 0%
[CALCU] 2023-10-28 16:54:00 - recall: 0%
[CALCU] 2023-10-28 16:54:00 - f1 score: 0
[SPLIT] 2023-10-28 16:54:00 - ============================================================
[CALCU] 2023-10-28 16:54:00 - nu: 0.04445222 , gamma: 0.0000
[CALCU] 2023-10-28 16:54:00 - precision: 0%
[CALCU] 2023-10-28 16:54:00 - recall: 0%
[CALCU] 2023-10-28 16:54:00 - f1 score: 0
[SPLIT] 2023-10-28 16:54:00 - ============================================================
[CALCU] 2023-10-28 16:54:00 - nu: 0.06667333 , gamma: 0.0000
[CALCU] 2023-10-28 16:54:00 - precision: 0%
[CALCU] 2023-10-28 16:54:00 - recall: 0%
[CALCU] 2023-10-28 16:54:00 - f1 score: 0
[SPLIT] 2023-10-28 16:54:00 - ============================================================
[CALCU] 2023-10-28 16:54:00 - nu: 0.08889444 , gamma: 0.0000
[CALCU] 2023-10-28 16:54:00 - precision: 0%
[CALCU] 2023-10-28 16:54:00 - recall: 0%
[CALCU] 2023-10-28 16:54:00 - f1 score: 0
[SPLIT] 2023-10-28 16:54:00 - ============================================================
[CALCU] 2023-10-28 16:54:00 - nu: 0.11111556 , gamma: 0.0000
[CALCU] 2023-10-28 16:54:00 - precision: 0%
[CALCU] 2023-10-28 16:54:00 - recall: 0%
[CALCU] 2023-10-28 16:54:00 - f1 score: 0
[SPLIT] 2023-10-28 16:54:00 - ============================================================
[CALCU] 2023-10-28 16:54:00 - nu: 0.00001000 , gamma: 0.0004
[CALCU] 2023-10-28 16:54:00 - precision: 0%
[CALCU] 2023-10-28 16:54:00 - recall: 0%
[CALCU] 2023-10-28 16:54:00 - f1 score: 0
[SPLIT] 2023-10-28 16:54:00 - ============================================================
[CALCU] 2023-10-28 16:54:00 - nu: 0.02223111 , gamma: 0.0004
[CALCU] 2023-10-28 16:54:00 - precision: 0%
[CALCU] 2023-10-28 16:54:00 - recall: 0%
[CALCU] 2023-10-28 16:54:00 - f1 score: 0
[SPLIT] 2023-10-28 16:54:00 - ============================================================
[CALCU] 2023-10-28 16:54:00 - nu: 0.04445222 , gamma: 0.0004
[CALCU] 2023-10-28 16:54:00 - precision: 0%
[CALCU] 2023-10-28 16:54:00 - recall: 0%
[CALCU] 2023-10-28 16:54:00 - f1 score: 0
[SPLIT] 2023-10-28 16:54:00 - ============================================================
[CALCU] 2023-10-28 16:54:00 - nu: 0.06667333 , gamma: 0.0004
[CALCU] 2023-10-28 16:54:00 - precision: 0%
[CALCU] 2023-10-28 16:54:00 - recall: 0%
[CALCU] 2023-10-28 16:54:00 - f1 score: 0
[SPLIT] 2023-10-28 16:54:00 - ============================================================
[CALCU] 2023-10-28 16:54:00 - nu: 0.08889444 , gamma: 0.0004
[CALCU] 2023-10-28 16:54:00 - precision: 0%
[CALCU] 2023-10-28 16:54:00 - recall: 0%
[CALCU] 2023-10-28 16:54:00 - f1 score: 0
[SPLIT] 2023-10-28 16:54:00 - ============================================================
[CALCU] 2023-10-28 16:54:00 - nu: 0.11111556 , gamma: 0.0004
[CALCU] 2023-10-28 16:54:00 - precision: 0%
[CALCU] 2023-10-28 16:54:00 - recall: 0%
[CALCU] 2023-10-28 16:54:00 - f1 score: 0
[SPLIT] 2023-10-28 16:54:00 - ============================================================
[CALCU] 2023-10-28 16:54:00 - nu: 0.00001000 , gamma: 0.0046
[CALCU] 2023-10-28 16:54:00 - precision: 0%
[CALCU] 2023-10-28 16:54:00 - recall: 0%
[CALCU] 2023-10-28 16:54:00 - f1 score: 0
[SPLIT] 2023-10-28 16:54:00 - ============================================================
[CALCU] 2023-10-28 16:54:00 - nu: 0.02223111 , gamma: 0.0046
[CALCU] 2023-10-28 16:54:00 - precision: 0%
[CALCU] 2023-10-28 16:54:00 - recall: 0%
[CALCU] 2023-10-28 16:54:00 - f1 score: 0
[SPLIT] 2023-10-28 16:54:00 - ============================================================
[CALCU] 2023-10-28 16:54:00 - nu: 0.04445222 , gamma: 0.0046
[CALCU] 2023-10-28 16:54:00 - precision: 0%
[CALCU] 2023-10-28 16:54:00 - recall: 0%
[CALCU] 2023-10-28 16:54:00 - f1 score: 0
[SPLIT] 2023-10-28 16:54:00 - ============================================================
[CALCU] 2023-10-28 16:54:00 - nu: 0.06667333 , gamma: 0.0046
[CALCU] 2023-10-28 16:54:00 - precision: 0%
[CALCU] 2023-10-28 16:54:00 - recall: 0%
[CALCU] 2023-10-28 16:54:00 - f1 score: 0
[SPLIT] 2023-10-28 16:54:00 - ============================================================
[CALCU] 2023-10-28 16:54:00 - nu: 0.08889444 , gamma: 0.0046
[CALCU] 2023-10-28 16:54:00 - precision: 0%
[CALCU] 2023-10-28 16:54:00 - recall: 0%
[CALCU] 2023-10-28 16:54:00 - f1 score: 0
[SPLIT] 2023-10-28 16:54:00 - ============================================================
[CALCU] 2023-10-28 16:54:00 - nu: 0.11111556 , gamma: 0.0046
[CALCU] 2023-10-28 16:54:00 - precision: 42.857142857142854%
[CALCU] 2023-10-28 16:54:00 - recall: 100.0%
[CALCU] 2023-10-28 16:54:00 - f1 score: 0.6
[SPLIT] 2023-10-28 16:54:00 - ============================================================
[CALCU] 2023-10-28 16:54:00 - nu: 0.13333667 , gamma: 0.0046
[CALCU] 2023-10-28 16:54:00 - precision: 20.0%
[CALCU] 2023-10-28 16:54:00 - recall: 33.33333333333333%
[CALCU] 2023-10-28 16:54:00 - f1 score: 0.25
[SPLIT] 2023-10-28 16:54:00 - ============================================================
[CALCU] 2023-10-28 16:54:00 - nu: 0.15555778 , gamma: 0.0046
[CALCU] 2023-10-28 16:54:00 - precision: 33.33333333333333%
[CALCU] 2023-10-28 16:54:00 - recall: 66.66666666666666%
[CALCU] 2023-10-28 16:54:00 - f1 score: 0.4444444444444444
[SPLIT] 2023-10-28 16:54:00 - ============================================================
[CALCU] 2023-10-28 16:54:00 - nu: 0.17777889 , gamma: 0.0046
[CALCU] 2023-10-28 16:54:00 - precision: 0%
[CALCU] 2023-10-28 16:54:00 - recall: 0%
[CALCU] 2023-10-28 16:54:00 - f1 score: 0
[SPLIT] 2023-10-28 16:54:00 - ============================================================
[CALCU] 2023-10-28 16:54:00 - nu: 0.00001000 , gamma: 0.0599
[CALCU] 2023-10-28 16:54:00 - precision: 0%
[CALCU] 2023-10-28 16:54:00 - recall: 0%
[CALCU] 2023-10-28 16:54:00 - f1 score: 0
[SPLIT] 2023-10-28 16:54:00 - ============================================================
[CALCU] 2023-10-28 16:54:00 - nu: 0.02223111 , gamma: 0.0599
[CALCU] 2023-10-28 16:54:00 - precision: 0%
[CALCU] 2023-10-28 16:54:00 - recall: 0%
[CALCU] 2023-10-28 16:54:00 - f1 score: 0
[SPLIT] 2023-10-28 16:54:00 - ============================================================
[CALCU] 2023-10-28 16:54:00 - nu: 0.04445222 , gamma: 0.0599
[CALCU] 2023-10-28 16:54:00 - precision: 42.857142857142854%
[CALCU] 2023-10-28 16:54:00 - recall: 100.0%
[CALCU] 2023-10-28 16:54:00 - f1 score: 0.6
[SPLIT] 2023-10-28 16:54:00 - ============================================================
[CALCU] 2023-10-28 16:54:00 - nu: 0.06667333 , gamma: 0.0599
[CALCU] 2023-10-28 16:54:00 - precision: 33.33333333333333%
[CALCU] 2023-10-28 16:54:00 - recall: 66.66666666666666%
[CALCU] 2023-10-28 16:54:00 - f1 score: 0.4444444444444444
[SPLIT] 2023-10-28 16:54:00 - ============================================================
[CALCU] 2023-10-28 16:54:00 - nu: 0.08889444 , gamma: 0.0599
[CALCU] 2023-10-28 16:54:00 - precision: 42.857142857142854%
[CALCU] 2023-10-28 16:54:00 - recall: 100.0%
[CALCU] 2023-10-28 16:54:00 - f1 score: 0.6
[SPLIT] 2023-10-28 16:54:00 - ============================================================
[CALCU] 2023-10-28 16:54:00 - nu: 0.11111556 , gamma: 0.0599
[CALCU] 2023-10-28 16:54:00 - precision: 0%
[CALCU] 2023-10-28 16:54:00 - recall: 0%
[CALCU] 2023-10-28 16:54:00 - f1 score: 0
[SPLIT] 2023-10-28 16:54:00 - ============================================================
[CALCU] 2023-10-28 16:54:00 - nu: 0.13333667 , gamma: 0.0599
[CALCU] 2023-10-28 16:54:00 - precision: 0%
[CALCU] 2023-10-28 16:54:00 - recall: 0%
[CALCU] 2023-10-28 16:54:00 - f1 score: 0
[SPLIT] 2023-10-28 16:54:00 - ============================================================
[CALCU] 2023-10-28 16:54:00 - nu: 0.15555778 , gamma: 0.0599
[CALCU] 2023-10-28 16:54:00 - precision: 20.0%
[CALCU] 2023-10-28 16:54:00 - recall: 33.33333333333333%
[CALCU] 2023-10-28 16:54:00 - f1 score: 0.25
[SPLIT] 2023-10-28 16:54:00 - ============================================================
[CALCU] 2023-10-28 16:54:00 - nu: 0.17777889 , gamma: 0.0599
[CALCU] 2023-10-28 16:54:00 - precision: 0%
[CALCU] 2023-10-28 16:54:00 - recall: 0%
[CALCU] 2023-10-28 16:54:00 - f1 score: 0
[SPLIT] 2023-10-28 16:54:00 - ============================================================
[CALCU] 2023-10-28 16:54:00 - nu: 0.20000000 , gamma: 0.0599
[CALCU] 2023-10-28 16:54:00 - precision: 33.33333333333333%
[CALCU] 2023-10-28 16:54:00 - recall: 66.66666666666666%
[CALCU] 2023-10-28 16:54:00 - f1 score: 0.4444444444444444
[SPLIT] 2023-10-28 16:54:00 - ============================================================
[CALCU] 2023-10-28 16:54:00 - nu: 0.00001000 , gamma: 0.7743
[CALCU] 2023-10-28 16:54:00 - precision: 0%
[CALCU] 2023-10-28 16:54:00 - recall: 0%
[CALCU] 2023-10-28 16:54:00 - f1 score: 0
[SPLIT] 2023-10-28 16:54:00 - ============================================================
[CALCU] 2023-10-28 16:54:00 - nu: 0.02223111 , gamma: 0.7743
[CALCU] 2023-10-28 16:54:00 - precision: 33.33333333333333%
[CALCU] 2023-10-28 16:54:00 - recall: 66.66666666666666%
[CALCU] 2023-10-28 16:54:00 - f1 score: 0.4444444444444444
[SPLIT] 2023-10-28 16:54:00 - ============================================================
[CALCU] 2023-10-28 16:54:00 - nu: 0.04445222 , gamma: 0.7743
[CALCU] 2023-10-28 16:54:00 - precision: 33.33333333333333%
[CALCU] 2023-10-28 16:54:00 - recall: 66.66666666666666%
[CALCU] 2023-10-28 16:54:00 - f1 score: 0.4444444444444444
[SPLIT] 2023-10-28 16:54:00 - ============================================================
[CALCU] 2023-10-28 16:54:00 - nu: 0.06667333 , gamma: 0.7743
[CALCU] 2023-10-28 16:54:00 - precision: 33.33333333333333%
[CALCU] 2023-10-28 16:54:00 - recall: 66.66666666666666%
[CALCU] 2023-10-28 16:54:00 - f1 score: 0.4444444444444444
[SPLIT] 2023-10-28 16:54:00 - ============================================================
[CALCU] 2023-10-28 16:54:00 - nu: 0.08889444 , gamma: 0.7743
[CALCU] 2023-10-28 16:54:00 - precision: 20.0%
[CALCU] 2023-10-28 16:54:00 - recall: 33.33333333333333%
[CALCU] 2023-10-28 16:54:00 - f1 score: 0.25
[SPLIT] 2023-10-28 16:54:00 - ============================================================
[CALCU] 2023-10-28 16:54:00 - nu: 0.11111556 , gamma: 0.7743
[CALCU] 2023-10-28 16:54:00 - precision: 20.0%
[CALCU] 2023-10-28 16:54:00 - recall: 33.33333333333333%
[CALCU] 2023-10-28 16:54:00 - f1 score: 0.25
[SPLIT] 2023-10-28 16:54:00 - ============================================================
[CALCU] 2023-10-28 16:54:00 - nu: 0.13333667 , gamma: 0.7743
[CALCU] 2023-10-28 16:54:00 - precision: 42.857142857142854%
[CALCU] 2023-10-28 16:54:00 - recall: 100.0%
[CALCU] 2023-10-28 16:54:00 - f1 score: 0.6
[SPLIT] 2023-10-28 16:54:00 - ============================================================
[CALCU] 2023-10-28 16:54:00 - nu: 0.15555778 , gamma: 0.7743
[CALCU] 2023-10-28 16:54:00 - precision: 20.0%
[CALCU] 2023-10-28 16:54:00 - recall: 33.33333333333333%
[CALCU] 2023-10-28 16:54:00 - f1 score: 0.25
[SPLIT] 2023-10-28 16:54:00 - ============================================================
[CALCU] 2023-10-28 16:54:00 - nu: 0.17777889 , gamma: 0.7743
[CALCU] 2023-10-28 16:54:00 - precision: 33.33333333333333%
[CALCU] 2023-10-28 16:54:00 - recall: 66.66666666666666%
[CALCU] 2023-10-28 16:54:00 - f1 score: 0.4444444444444444
[SPLIT] 2023-10-28 16:54:00 - ============================================================
[CALCU] 2023-10-28 16:54:00 - nu: 0.20000000 , gamma: 0.7743
[CALCU] 2023-10-28 16:54:00 - precision: 42.857142857142854%
[CALCU] 2023-10-28 16:54:00 - recall: 100.0%
[CALCU] 2023-10-28 16:54:00 - f1 score: 0.6
[SPLIT] 2023-10-28 16:54:00 - ============================================================
[CALCU] 2023-10-28 16:54:00 - nu: 0.00001000 , gamma: 10.0000
[CALCU] 2023-10-28 16:54:00 - precision: 0%
[CALCU] 2023-10-28 16:54:00 - recall: 0%
[CALCU] 2023-10-28 16:54:00 - f1 score: 0
[SPLIT] 2023-10-28 16:54:00 - ============================================================
[CALCU] 2023-10-28 16:54:00 - nu: 0.02223111 , gamma: 10.0000
[CALCU] 2023-10-28 16:54:00 - precision: 100.0%
[CALCU] 2023-10-28 16:54:00 - recall: 100.0%
[CALCU] 2023-10-28 16:54:00 - f1 score: 1.0
[SPLIT] 2023-10-28 16:54:00 - ============================================================
[CALCU] 2023-10-28 16:54:00 - nu: 0.04445222 , gamma: 10.0000
[CALCU] 2023-10-28 16:54:00 - precision: 100.0%
[CALCU] 2023-10-28 16:54:00 - recall: 100.0%
[CALCU] 2023-10-28 16:54:00 - f1 score: 1.0
[SPLIT] 2023-10-28 16:54:00 - ============================================================
[CALCU] 2023-10-28 16:54:00 - nu: 0.06667333 , gamma: 10.0000
[CALCU] 2023-10-28 16:54:00 - precision: 100.0%
[CALCU] 2023-10-28 16:54:00 - recall: 100.0%
[CALCU] 2023-10-28 16:54:00 - f1 score: 1.0
[SPLIT] 2023-10-28 16:54:00 - ============================================================
[CALCU] 2023-10-28 16:54:00 - nu: 0.08889444 , gamma: 10.0000
[CALCU] 2023-10-28 16:54:00 - precision: 100.0%
[CALCU] 2023-10-28 16:54:00 - recall: 100.0%
[CALCU] 2023-10-28 16:54:00 - f1 score: 1.0
[SPLIT] 2023-10-28 16:54:00 - ============================================================
[CALCU] 2023-10-28 16:54:00 - nu: 0.11111556 , gamma: 10.0000
[CALCU] 2023-10-28 16:54:00 - precision: 100.0%
[CALCU] 2023-10-28 16:54:00 - recall: 100.0%
[CALCU] 2023-10-28 16:54:00 - f1 score: 1.0
[SPLIT] 2023-10-28 16:54:00 - ============================================================
[CALCU] 2023-10-28 16:54:00 - nu: 0.13333667 , gamma: 10.0000
[CALCU] 2023-10-28 16:54:00 - precision: 100.0%
[CALCU] 2023-10-28 16:54:00 - recall: 66.66666666666666%
[CALCU] 2023-10-28 16:54:00 - f1 score: 0.8
[SPLIT] 2023-10-28 16:54:00 - ============================================================
[CALCU] 2023-10-28 16:54:00 - nu: 0.15555778 , gamma: 10.0000
[CALCU] 2023-10-28 16:54:00 - precision: 100.0%
[CALCU] 2023-10-28 16:54:00 - recall: 33.33333333333333%
[CALCU] 2023-10-28 16:54:00 - f1 score: 0.5
[SPLIT] 2023-10-28 16:54:00 - ============================================================
[CALCU] 2023-10-28 16:54:00 - nu: 0.17777889 , gamma: 10.0000
[CALCU] 2023-10-28 16:54:00 - precision: 100.0%
[CALCU] 2023-10-28 16:54:00 - recall: 100.0%
[CALCU] 2023-10-28 16:54:00 - f1 score: 1.0
[SPLIT] 2023-10-28 16:54:00 - ============================================================
[CALCU] 2023-10-28 16:54:00 - nu: 0.20000000 , gamma: 10.0000
[CALCU] 2023-10-28 16:54:00 - precision: 100.0%
[CALCU] 2023-10-28 16:54:00 - recall: 66.66666666666666%
[CALCU] 2023-10-28 16:54:00 - f1 score: 0.8
[SPLIT] 2023-10-28 16:54:00 - ============================================================
[RESULT] 2023-10-28 16:54:00 - MAX Precision:      1.000000      When Current nu:       0.022231       and gamma: 10.00000000
[RESULT] 2023-10-28 16:54:00 - MAX Recall:         1.000000      When Current nu:       0.088894       and gamma: 0.00000017
[RESULT] 2023-10-28 16:54:00 - MAX F1:             1.000000      When Current nu:       0.022231       and gamma: 10.00000000
[-END-] 2023-10-28 16:54:00 - Cost 0.066881s.
